<?xml version="1.0" encoding="UTF-8"?>
<!-- Generated by org.testng.reporters.JUnitReportReporter -->
<testsuite hostname="DESKTOP-9DR66BC" failures="0" tests="1" name="TestNG.CreateOrganization" time="25.963" errors="0" timestamp="2024-12-16T12:44:37 IST" skipped="0">
  <testcase classname="TestNG.CreateOrganization" name="CreateOrganizationTest" time="25.963"/>
</testsuite> <!-- TestNG.CreateOrganization -->
