<?xml version="1.0" encoding="UTF-8"?>
<!-- Generated by org.testng.reporters.JUnitReportReporter -->
<testsuite hostname="DESKTOP-9DR66BC" failures="0" tests="3" name="TestNG.CreateOrgWithDataProvider" time="77.969" errors="0" timestamp="2024-12-16T14:59:14 IST" skipped="0">
  <testcase classname="TestNG.CreateOrgWithDataProvider" name="createorganization" time="25.768"/>
  <testcase classname="TestNG.CreateOrgWithDataProvider" name="createorganization" time="26.066"/>
  <testcase classname="TestNG.CreateOrgWithDataProvider" name="createorganization" time="26.135"/>
</testsuite> <!-- TestNG.CreateOrgWithDataProvider -->
