<?xml version="1.0" encoding="UTF-8"?>
<!-- Generated by org.testng.reporters.JUnitReportReporter -->
<testsuite hostname="DESKTOP-9DR66BC" failures="0" tests="1" name="TestNG.DeleteCreatedProduct" time="41.832" errors="0" timestamp="2024-12-16T16:06:53 IST" skipped="0">
  <testcase classname="TestNG.DeleteCreatedProduct" name="DeleteCreatedProductTest" time="41.832"/>
  <system-out/>
</testsuite> <!-- TestNG.DeleteCreatedProduct -->
